<?xml version="1.0" encoding="UTF-8"?>
<!-- Generated by org.testng.reporters.JUnitReportReporter -->
<testsuite hostname="MSI" failures="0" tests="2" name="cucumberoption.TestngRunner" time="0.137" errors="0" timestamp="2024-05-26T18:46:21 IST" skipped="0">
  <testcase classname="cucumberoption.TestngRunner" name="runScenario" time="0.032"/>
  <testcase classname="cucumberoption.TestngRunner" name="runScenario" time="0.105"/>
</testsuite> <!-- cucumberoption.TestngRunner -->
